<?xml version="1.0" encoding="UTF-8"?>
<testng-results ignored="0" total="2" passed="2" failed="0" skipped="0">
  <reporter-output>
  </reporter-output>
  <suite started-at="2022-02-16T17:47:29 GMT+08:00" name="Default suite" finished-at="2022-02-16T17:47:31 GMT+08:00" duration-ms="1563">
    <groups>
    </groups>
    <test started-at="2022-02-16T17:47:29 GMT+08:00" name="Default test" finished-at="2022-02-16T17:47:31 GMT+08:00" duration-ms="1563">
      <class name="NewTest">
        <test-method is-config="true" signature="beforeTest()[pri:0, instance:NewTest@25243bc1]" started-at="2022-02-16T17:47:29 GMT+08:00" name="beforeTest" finished-at="2022-02-16T17:47:30 GMT+08:00" duration-ms="1161" status="PASS">
          <reporter-output>
          </reporter-output>
        </test-method> <!-- beforeTest -->
        <test-method signature="checkEmailPlaceHolder()[pri:0, instance:NewTest@25243bc1]" started-at="2022-02-16T17:47:30 GMT+08:00" name="checkEmailPlaceHolder" finished-at="2022-02-16T17:47:31 GMT+08:00" duration-ms="204" status="PASS">
          <reporter-output>
          </reporter-output>
        </test-method> <!-- checkEmailPlaceHolder -->
        <test-method signature="checkPasswordPlaceHolder()[pri:0, instance:NewTest@25243bc1]" started-at="2022-02-16T17:47:31 GMT+08:00" name="checkPasswordPlaceHolder" finished-at="2022-02-16T17:47:31 GMT+08:00" duration-ms="55" status="PASS">
          <reporter-output>
          </reporter-output>
        </test-method> <!-- checkPasswordPlaceHolder -->
        <test-method is-config="true" signature="afterTest()[pri:0, instance:NewTest@25243bc1]" started-at="2022-02-16T17:47:31 GMT+08:00" name="afterTest" finished-at="2022-02-16T17:47:31 GMT+08:00" duration-ms="90" status="PASS">
          <reporter-output>
          </reporter-output>
        </test-method> <!-- afterTest -->
      </class> <!-- NewTest -->
    </test> <!-- Default test -->
  </suite> <!-- Default suite -->
</testng-results>
